(0.124) SELECT @@SQL_AUTO_IS_NULL; args=None
(0.124) SELECT @@sql_mode; args=None
(0.124) SELECT VERSION(); args=None
(0.124) SHOW FULL TABLES; args=None
(0.124) SELECT `django_migrations`.`app`, `django_migrations`.`name` FROM `django_migrations`; args=()
(0.125) SHOW FULL TABLES; args=None
(0.128) SELECT `django_migrations`.`app`, `django_migrations`.`name` FROM `django_migrations`; args=()
(0.125) SHOW FULL TABLES; args=None
(0.123) SELECT `django_migrations`.`app`, `django_migrations`.`name` FROM `django_migrations`; args=()
(0.123) SELECT `django_content_type`.`id`, `django_content_type`.`app_label`, `django_content_type`.`model` FROM `django_content_type` WHERE (`django_content_type`.`model` = 'logentry' AND `django_content_type`.`app_label` = 'admin'); args=('logentry', 'admin')
(0.125) SELECT `auth_permission`.`content_type_id`, `auth_permission`.`codename` FROM `auth_permission` INNER JOIN `django_content_type` ON (`auth_permission`.`content_type_id` = `django_content_type`.`id`) WHERE `auth_permission`.`content_type_id` IN (1) ORDER BY `django_content_type`.`app_label` ASC, `django_content_type`.`model` ASC, `auth_permission`.`codename` ASC; args=(1,)
(0.124) SELECT `django_content_type`.`id`, `django_content_type`.`app_label`, `django_content_type`.`model` FROM `django_content_type` WHERE `django_content_type`.`app_label` = 'admin'; args=('admin',)
(0.131) SELECT `django_content_type`.`id`, `django_content_type`.`app_label`, `django_content_type`.`model` FROM `django_content_type` WHERE (`django_content_type`.`model` = 'group' AND `django_content_type`.`app_label` = 'auth'); args=('group', 'auth')
(0.124) SELECT `django_content_type`.`id`, `django_content_type`.`app_label`, `django_content_type`.`model` FROM `django_content_type` WHERE (`django_content_type`.`model` = 'permission' AND `django_content_type`.`app_label` = 'auth'); args=('permission', 'auth')
(0.123) SELECT `django_content_type`.`id`, `django_content_type`.`app_label`, `django_content_type`.`model` FROM `django_content_type` WHERE (`django_content_type`.`model` = 'user' AND `django_content_type`.`app_label` = 'auth'); args=('user', 'auth')
(0.125) SELECT `auth_permission`.`content_type_id`, `auth_permission`.`codename` FROM `auth_permission` INNER JOIN `django_content_type` ON (`auth_permission`.`content_type_id` = `django_content_type`.`id`) WHERE `auth_permission`.`content_type_id` IN (2, 3, 4) ORDER BY `django_content_type`.`app_label` ASC, `django_content_type`.`model` ASC, `auth_permission`.`codename` ASC; args=(2, 3, 4)
(0.124) SELECT `django_content_type`.`id`, `django_content_type`.`app_label`, `django_content_type`.`model` FROM `django_content_type` WHERE `django_content_type`.`app_label` = 'auth'; args=('auth',)
(0.124) SELECT `django_content_type`.`id`, `django_content_type`.`app_label`, `django_content_type`.`model` FROM `django_content_type` WHERE (`django_content_type`.`model` = 'contenttype' AND `django_content_type`.`app_label` = 'contenttypes'); args=('contenttype', 'contenttypes')
(0.125) SELECT `auth_permission`.`content_type_id`, `auth_permission`.`codename` FROM `auth_permission` INNER JOIN `django_content_type` ON (`auth_permission`.`content_type_id` = `django_content_type`.`id`) WHERE `auth_permission`.`content_type_id` IN (5) ORDER BY `django_content_type`.`app_label` ASC, `django_content_type`.`model` ASC, `auth_permission`.`codename` ASC; args=(5,)
(0.123) SELECT `django_content_type`.`id`, `django_content_type`.`app_label`, `django_content_type`.`model` FROM `django_content_type` WHERE `django_content_type`.`app_label` = 'contenttypes'; args=('contenttypes',)
(0.125) SELECT `django_content_type`.`id`, `django_content_type`.`app_label`, `django_content_type`.`model` FROM `django_content_type` WHERE (`django_content_type`.`model` = 'session' AND `django_content_type`.`app_label` = 'sessions'); args=('session', 'sessions')
(0.123) SELECT `auth_permission`.`content_type_id`, `auth_permission`.`codename` FROM `auth_permission` INNER JOIN `django_content_type` ON (`auth_permission`.`content_type_id` = `django_content_type`.`id`) WHERE `auth_permission`.`content_type_id` IN (6) ORDER BY `django_content_type`.`app_label` ASC, `django_content_type`.`model` ASC, `auth_permission`.`codename` ASC; args=(6,)
(0.126) SELECT `django_content_type`.`id`, `django_content_type`.`app_label`, `django_content_type`.`model` FROM `django_content_type` WHERE `django_content_type`.`app_label` = 'sessions'; args=('sessions',)
(0.124) SELECT @@SQL_AUTO_IS_NULL; args=None
(0.123) SELECT VERSION(); args=None
(0.133) SHOW FULL TABLES; args=None
(0.135) SELECT `django_migrations`.`app`, `django_migrations`.`name` FROM `django_migrations`; args=()
(0.142) SELECT @@SQL_AUTO_IS_NULL; args=None
(0.143) SELECT VERSION(); args=None
(0.133) SELECT `django_session`.`session_key`, `django_session`.`session_data`, `django_session`.`expire_date` FROM `django_session` WHERE (`django_session`.`session_key` = 'bxqbebshalo89izgvbadzh3z5r1myvvr' AND `django_session`.`expire_date` > '2016-11-11 07:17:02'); args=('bxqbebshalo89izgvbadzh3z5r1myvvr', u'2016-11-11 07:17:02')
(0.134) SELECT `auth_user`.`id`, `auth_user`.`password`, `auth_user`.`last_login`, `auth_user`.`is_superuser`, `auth_user`.`username`, `auth_user`.`first_name`, `auth_user`.`last_name`, `auth_user`.`email`, `auth_user`.`is_staff`, `auth_user`.`is_active`, `auth_user`.`date_joined` FROM `auth_user` WHERE `auth_user`.`id` = 1; args=(1,)
"GET /user/ HTTP/1.1" 200 158
(0.133) SELECT @@SQL_AUTO_IS_NULL; args=None
(0.143) SELECT VERSION(); args=None
(0.134) SHOW FULL TABLES; args=None
(0.134) SELECT `django_migrations`.`app`, `django_migrations`.`name` FROM `django_migrations`; args=()
(0.133) SELECT @@SQL_AUTO_IS_NULL; args=None
(0.142) SELECT VERSION(); args=None
(0.127) SHOW FULL TABLES; args=None
(0.124) SELECT `django_migrations`.`app`, `django_migrations`.`name` FROM `django_migrations`; args=()
(0.134) SELECT @@SQL_AUTO_IS_NULL; args=None
(0.133) SELECT VERSION(); args=None
(0.144) SHOW FULL TABLES; args=None
(0.144) SELECT `django_migrations`.`app`, `django_migrations`.`name` FROM `django_migrations`; args=()
"GET /user/ HTTP/1.1" 302 0
Exception while resolving variable 'next' in template 'accounts/login.html'.
Traceback (most recent call last):
  File "/usr/local/lib/python2.7/dist-packages/django/template/base.py", line 907, in _resolve_lookup
    (bit, current))  # missing attribute
VariableDoesNotExist: Failed lookup for key [next] in u"[{'False': False, 'None': None, 'True': True}, {u'csrf_token': <SimpleLazyObject: u'Z1wbyz4RULOcj0MAb3t9XBdmRHOfdj86MzWoeLcXCVNFRUVjATtElG91bIkUyxug'>, 'user': <SimpleLazyObject: <function <lambda> at 0x7f99887891b8>>, 'perms': <django.contrib.auth.context_processors.PermWrapper object at 0x7f998871fad0>, 'DEFAULT_MESSAGE_LEVELS': {'DEBUG': 10, 'INFO': 20, 'WARNING': 30, 'SUCCESS': 25, 'ERROR': 40}, 'messages': <django.contrib.messages.storage.fallback.FallbackStorage object at 0x7f9988790190>, u'request': <WSGIRequest: GET '/user/login/?next=/user/'>}, {}]"
"GET /user/login/?next=/user/ HTTP/1.1" 200 987
(0.135) SELECT @@SQL_AUTO_IS_NULL; args=None
(0.133) SELECT VERSION(); args=None
(0.144) SELECT `auth_user`.`id`, `auth_user`.`password`, `auth_user`.`last_login`, `auth_user`.`is_superuser`, `auth_user`.`username`, `auth_user`.`first_name`, `auth_user`.`last_name`, `auth_user`.`email`, `auth_user`.`is_staff`, `auth_user`.`is_active`, `auth_user`.`date_joined` FROM `auth_user` WHERE `auth_user`.`username` = 'jitind'; args=(u'jitind',)
(0.153) SELECT (1) AS `a` FROM `django_session` WHERE `django_session`.`session_key` = 'p8kfesmfuqkhn1qxuwzxjnkuln6iyk62' LIMIT 1; args=(u'p8kfesmfuqkhn1qxuwzxjnkuln6iyk62',)
(0.143) INSERT INTO `django_session` (`session_key`, `session_data`, `expire_date`) VALUES ('p8kfesmfuqkhn1qxuwzxjnkuln6iyk62', 'MzExMDFiNzUzM2IyZDBjMmIwYjJiZDg1YjE2MjhhZDI1MzE4MDNmNDp7fQ==', '2016-11-25 07:20:25'); args=(u'p8kfesmfuqkhn1qxuwzxjnkuln6iyk62', u'MzExMDFiNzUzM2IyZDBjMmIwYjJiZDg1YjE2MjhhZDI1MzE4MDNmNDp7fQ==', u'2016-11-25 07:20:25')
(0.143) UPDATE `auth_user` SET `last_login` = '2016-11-11 07:20:26' WHERE `auth_user`.`id` = 1; args=(u'2016-11-11 07:20:26', 1)
(0.152) UPDATE `django_session` SET `session_data` = 'Y2FkNzljYWI3ZmJlYjg5OTg3Njg4MTk0NjJkZWNhMjU1Y2FjY2YxMzp7Il9hdXRoX3VzZXJfaGFzaCI6IjI4ODVmN2U0YmMyNzFlODNjMzU1YzJiMDdhMWI5NjY1YTEzMjdkN2QiLCJfYXV0aF91c2VyX2JhY2tlbmQiOiJkamFuZ28uY29udHJpYi5hdXRoLmJhY2tlbmRzLk1vZGVsQmFja2VuZCIsIl9hdXRoX3VzZXJfaWQiOiIxIn0=', `expire_date` = '2016-11-25 07:20:26' WHERE `django_session`.`session_key` = 'p8kfesmfuqkhn1qxuwzxjnkuln6iyk62'; args=(u'Y2FkNzljYWI3ZmJlYjg5OTg3Njg4MTk0NjJkZWNhMjU1Y2FjY2YxMzp7Il9hdXRoX3VzZXJfaGFzaCI6IjI4ODVmN2U0YmMyNzFlODNjMzU1YzJiMDdhMWI5NjY1YTEzMjdkN2QiLCJfYXV0aF91c2VyX2JhY2tlbmQiOiJkamFuZ28uY29udHJpYi5hdXRoLmJhY2tlbmRzLk1vZGVsQmFja2VuZCIsIl9hdXRoX3VzZXJfaWQiOiIxIn0=', u'2016-11-25 07:20:26', u'p8kfesmfuqkhn1qxuwzxjnkuln6iyk62')
"POST /user/login_user/ HTTP/1.1" 302 0
(0.133) SELECT @@SQL_AUTO_IS_NULL; args=None
(0.133) SELECT VERSION(); args=None
(0.135) SELECT `django_session`.`session_key`, `django_session`.`session_data`, `django_session`.`expire_date` FROM `django_session` WHERE (`django_session`.`session_key` = 'p8kfesmfuqkhn1qxuwzxjnkuln6iyk62' AND `django_session`.`expire_date` > '2016-11-11 07:20:27'); args=('p8kfesmfuqkhn1qxuwzxjnkuln6iyk62', u'2016-11-11 07:20:27')
(0.134) SELECT `auth_user`.`id`, `auth_user`.`password`, `auth_user`.`last_login`, `auth_user`.`is_superuser`, `auth_user`.`username`, `auth_user`.`first_name`, `auth_user`.`last_name`, `auth_user`.`email`, `auth_user`.`is_staff`, `auth_user`.`is_active`, `auth_user`.`date_joined` FROM `auth_user` WHERE `auth_user`.`id` = 1; args=(1,)
"GET /user/ HTTP/1.1" 200 158
(0.133) SELECT @@SQL_AUTO_IS_NULL; args=None
(0.133) SELECT VERSION(); args=None
(0.143) SHOW FULL TABLES; args=None
(0.144) SELECT `django_migrations`.`app`, `django_migrations`.`name` FROM `django_migrations`; args=()
